<?xml version="1.0" encoding="UTF-8"?>
<testng-results skipped="0" failed="0" ignored="0" total="2" passed="2">
  <reporter-output>
  </reporter-output>
  <suite name="Default suite" duration-ms="14476" started-at="2019-10-23T10:35:56 IST" finished-at="2019-10-23T10:36:11 IST">
    <groups>
    </groups>
    <test name="Default test" duration-ms="14476" started-at="2019-10-23T10:35:56 IST" finished-at="2019-10-23T10:36:11 IST">
      <class name="seleniumplus.tests.TestDemoWebShopLogin">
        <test-method status="PASS" signature="beforeTest()[pri:0, instance:seleniumplus.tests.TestDemoWebShopLogin@7c29daf3]" name="beforeTest" is-config="true" duration-ms="11386" started-at="2019-10-23T10:35:56 IST" finished-at="2019-10-23T10:36:08 IST">
          <reporter-output>
          </reporter-output>
        </test-method> <!-- beforeTest -->
        <test-method status="PASS" signature="testLoginLink()[pri:0, instance:seleniumplus.tests.TestDemoWebShopLogin@7c29daf3]" name="testLoginLink" duration-ms="599" started-at="2019-10-23T10:36:08 IST" finished-at="2019-10-23T10:36:08 IST">
          <reporter-output>
          </reporter-output>
        </test-method> <!-- testLoginLink -->
        <test-method status="PASS" signature="testLoginInfo()[pri:0, instance:seleniumplus.tests.TestDemoWebShopLogin@7c29daf3]" name="testLoginInfo" duration-ms="2406" started-at="2019-10-23T10:36:08 IST" depends-on-methods="seleniumplus.tests.TestDemoWebShopLogin.testLoginLink" finished-at="2019-10-23T10:36:11 IST">
          <reporter-output>
          </reporter-output>
        </test-method> <!-- testLoginInfo -->
        <test-method status="PASS" signature="afterTest()[pri:0, instance:seleniumplus.tests.TestDemoWebShopLogin@7c29daf3]" name="afterTest" is-config="true" duration-ms="1" started-at="2019-10-23T10:36:11 IST" finished-at="2019-10-23T10:36:11 IST">
          <reporter-output>
          </reporter-output>
        </test-method> <!-- afterTest -->
      </class> <!-- seleniumplus.tests.TestDemoWebShopLogin -->
    </test> <!-- Default test -->
  </suite> <!-- Default suite -->
</testng-results>
